11.9|/arduino/1/incoming|SERVO_NEUTRAL
0.0881078|/arduino/1/incoming|LEDS_ON
0.569927|/raspberry/1/incoming|HELLO
0.0554771|/arduino/1/incoming|JAW_MOTION,4,1
0.071198|/arduino/1/incoming|LEDS_ON
4.42388|/arduino/1/incoming|SERVOS_MOVE,338,310,3
0.876243|/arduino/1/incoming|SERVOS_MOVE,340,310,3
0.236884|/arduino/1/incoming|SERVOS_MOVE,369,313,3
0.131157|/arduino/1/incoming|SERVOS_MOVE,363,314,3
0.517245|/arduino/1/incoming|SERVOS_MOVE,285,316,3
3.12968|/arduino/1/incoming|SERVOS_MOVE,285,302,3
0.217087|/arduino/1/incoming|SERVOS_MOVE,285,273,3
0.144927|/arduino/1/incoming|SERVOS_MOVE,285,260,3
1.46678|/arduino/1/incoming|SERVOS_MOVE,283,257,3
0.185581|/arduino/1/incoming|SERVOS_MOVE,281,256,3
0.202019|/arduino/1/incoming|SERVOS_MOVE,266,249,3
0.168995|/arduino/1/incoming|SERVOS_MOVE,259,245,3
0.117867|/arduino/1/incoming|SERVOS_MOVE,255,243,3
0.704037|/arduino/1/incoming|SERVOS_MOVE,239,235,3
0.927261|/arduino/1/incoming|SERVOS_MOVE,235,235,3
0.187021|/arduino/1/incoming|SERVOS_MOVE,231,235,3
1.3952|/arduino/1/incoming|LED, 0,0
2.60177|/arduino/1/incoming|SERVOS_MOVE,218,235,3
1.79549|/arduino/1/incoming|LED, 1,0
1.46967|/raspberry/1/incoming|DOH
0.0733199|/arduino/1/incoming|JAW_MOTION,1,1
0.131618|/arduino/1/incoming|LEDS_OFF
4.48354|/arduino/1/incoming|LED, 0,1
2.03903|/arduino/1/incoming|LED, 1,1
1.11273|/arduino/1/incoming|SERVOS_MOVE,218,235,3
0.233024|/arduino/1/incoming|SERVOS_MOVE,218,235,3
0.236103|/arduino/1/incoming|SERVOS_MOVE,218,235,3
0.169384|/arduino/1/incoming|SERVOS_MOVE,218,253,3
0.114461|/arduino/1/incoming|SERVOS_MOVE,218,284,3
0.155195|/arduino/1/incoming|SERVOS_MOVE,218,338,3
1.34717|/arduino/1/incoming|SERVOS_MOVE,226,336,3
0.149687|/arduino/1/incoming|SERVOS_MOVE,232,334,3
0.311965|/arduino/1/incoming|SERVOS_MOVE,272,327,3
0.200515|/arduino/1/incoming|SERVOS_MOVE,281,326,3
0.193471|/arduino/1/incoming|SERVOS_MOVE,344,321,3
0.175851|/arduino/1/incoming|SERVOS_MOVE,349,321,3
0.166074|/arduino/1/incoming|SERVOS_MOVE,354,320,3
1.43186|/arduino/1/incoming|SERVOS_MOVE,352,319,3
0.236261|/arduino/1/incoming|SERVOS_MOVE,352,317,3
0.164637|/arduino/1/incoming|SERVOS_MOVE,352,316,3
0.300853|/arduino/1/incoming|SERVOS_MOVE,352,315,3
0.20846|/arduino/1/incoming|SERVOS_MOVE,352,313,3
0.177914|/arduino/1/incoming|SERVOS_MOVE,352,312,3
0.174832|/arduino/1/incoming|SERVOS_MOVE,352,312,3
0.141334|/arduino/1/incoming|SERVOS_MOVE,353,311,3
0.237184|/arduino/1/incoming|SERVOS_MOVE,353,310,3
0.192492|/arduino/1/incoming|SERVOS_MOVE,353,310,3
0.871487|/arduino/1/incoming|SERVOS_MOVE,353,309,3
0.300127|/arduino/1/incoming|SERVOS_MOVE,353,308,3
0.239479|/arduino/1/incoming|SERVOS_MOVE,353,308,3
0.194256|/arduino/1/incoming|SERVOS_MOVE,354,307,3
0.192991|/arduino/1/incoming|SERVOS_MOVE,354,307,3
0.208939|/arduino/1/incoming|SERVOS_MOVE,354,307,3
0.112209|/arduino/1/incoming|SERVO_NEUTRAL
0.070703|/arduino/1/incoming|JAW_MOTION,4,1
0.0706198|/raspberry/1/incoming|GOODBYE
